<?xml version="1.0" encoding="UTF-8"?>
<!-- Generated by org.testng.reporters.JUnitReportReporter -->
<testsuite hostname="SRIDHAR-VAIO" name="MyAssignment.MyAssignment.DisplayReport" tests="1" failures="0" timestamp="10 Sep 2018 11:25:40 GMT" time="2.292" errors="0">
  <testcase name="displayIndexHtml" time="2.292" classname="MyAssignment.MyAssignment.DisplayReport"/>
</testsuite> <!-- MyAssignment.MyAssignment.DisplayReport -->
