<?xml version="1.0" encoding="UTF-8"?>
<!-- Generated by org.testng.reporters.JUnitReportReporter -->
<testsuite hostname="SRIDHAR-VAIO" name="MyAssignment.MyAssignment.PlivoTest" tests="4" failures="0" timestamp="10 Sep 2018 11:25:40 GMT" time="25.432" errors="0">
  <testcase name="verifyAddedValues" time="0.315" classname="MyAssignment.MyAssignment.PlivoTest"/>
  <testcase name="checkConnections" time="0.184" classname="MyAssignment.MyAssignment.PlivoTest"/>
  <testcase name="addModules" time="15.992" classname="MyAssignment.MyAssignment.PlivoTest"/>
  <testcase name="createApp" time="8.941" classname="MyAssignment.MyAssignment.PlivoTest"/>
</testsuite> <!-- MyAssignment.MyAssignment.PlivoTest -->
